WARNING: A restricted method in java.lang.System has been called
WARNING: java.lang.System::load has been called by net.rubygrapefruit.platform.internal.NativeLibraryLoader in an unnamed module (file:/home/johannes/.gradle/wrapper/dists/gradle-9.1.0-bin/9agqghryom9wkf8r80qlhnts3/gradle-9.1.0/lib/native-platform-0.22-milestone-28.jar)
WARNING: Use --enable-native-access=ALL-UNNAMED to avoid a warning for callers in this module
WARNING: Restricted methods will be blocked in a future release unless native access is enabled

> Task :sirix-core:cleanTest

> Task :sirix-core:compileJava
/home/johannes/IdeaProjects/sirix/bundles/sirix-core/src/main/java/io/sirix/page/KeyValueLeafPage.java:1001: warning: [removal] finalize() in Object has been deprecated and marked for removal
  protected void finalize() {
                 ^
Note: Some input files use or override a deprecated API.
Note: Recompile with -Xlint:deprecation for details.
Note: Some input files use unchecked or unsafe operations.
Note: Recompile with -Xlint:unchecked for details.
1 warning

> Task :sirix-core:processResources UP-TO-DATE
> Task :sirix-core:classes

> Task :sirix-core:compileTestJava
Note: /home/johannes/IdeaProjects/sirix/bundles/sirix-core/src/test/java/io/sirix/axis/concurrent/ConcurrentAxisTest.java uses or overrides a deprecated API.
Note: Recompile with -Xlint:deprecation for details.

> Task :sirix-core:processTestResources UP-TO-DATE
> Task :sirix-core:testClasses
WARNING: A restricted method in java.lang.foreign.Linker has been called
WARNING: java.lang.foreign.Linker::downcallHandle has been called by io.sirix.cache.LinuxMemorySegmentAllocator in an unnamed module (file:/home/johannes/IdeaProjects/sirix/bundles/sirix-core/build/classes/java/main/)
WARNING: Use --enable-native-access=ALL-UNNAMED to avoid a warning for callers in this module
WARNING: Restricted methods will be blocked in a future release unless native access is enabled

WARNING: A terminally deprecated method in sun.misc.Unsafe has been called
WARNING: sun.misc.Unsafe::arrayBaseOffset has been called by net.openhft.hashing.UnsafeAccess (file:/home/johannes/.gradle/caches/modules-2/files-2.1/net.openhft/zero-allocation-hashing/0.16/ca252f328160ed5d027f100a4fe525d6d21daaf/zero-allocation-hashing-0.16.jar)
WARNING: Please consider reporting this to the maintainers of class net.openhft.hashing.UnsafeAccess
WARNING: sun.misc.Unsafe::arrayBaseOffset will be removed in a future release

> Task :sirix-core:test

ConcurrentAxisTest > testConcurrent() > repetition 1 of 20 FAILED
    java.lang.NullPointerException at ConcurrentAxisTest.java:169

ConcurrentAxisTest > testConcurrent() > repetition 2 of 20 FAILED
    java.lang.NullPointerException at ConcurrentAxisTest.java:169

ConcurrentAxisTest > testConcurrent() > repetition 3 of 20 FAILED
    java.lang.NullPointerException at ConcurrentAxisTest.java:169

ConcurrentAxisTest > testConcurrent() > repetition 4 of 20 FAILED
    java.lang.NullPointerException at ConcurrentAxisTest.java:169

ConcurrentAxisTest > testConcurrent() > repetition 5 of 20 FAILED
    java.lang.NullPointerException at ConcurrentAxisTest.java:169

ConcurrentAxisTest > testConcurrent() > repetition 6 of 20 FAILED
    java.lang.NullPointerException at ConcurrentAxisTest.java:169

ConcurrentAxisTest > testConcurrent() > repetition 7 of 20 FAILED
    java.lang.NullPointerException at ConcurrentAxisTest.java:169

ConcurrentAxisTest > testConcurrent() > repetition 8 of 20 FAILED
    java.lang.NullPointerException at ConcurrentAxisTest.java:169

ConcurrentAxisTest > testConcurrent() > repetition 9 of 20 FAILED
    java.lang.NullPointerException at ConcurrentAxisTest.java:169

ConcurrentAxisTest > testConcurrent() > repetition 10 of 20 FAILED
    java.lang.NullPointerException at ConcurrentAxisTest.java:169

ConcurrentAxisTest > testConcurrent() > repetition 11 of 20 FAILED
    java.lang.NullPointerException at ConcurrentAxisTest.java:169

ConcurrentAxisTest > testConcurrent() > repetition 12 of 20 FAILED
    java.lang.NullPointerException at ConcurrentAxisTest.java:169

ConcurrentAxisTest > testConcurrent() > repetition 13 of 20 FAILED
    java.lang.NullPointerException at ConcurrentAxisTest.java:169

ConcurrentAxisTest > testConcurrent() > repetition 14 of 20 FAILED
    java.lang.NullPointerException at ConcurrentAxisTest.java:169

ConcurrentAxisTest > testConcurrent() > repetition 15 of 20 FAILED
    java.lang.NullPointerException at ConcurrentAxisTest.java:169

ConcurrentAxisTest > testConcurrent() > repetition 16 of 20 FAILED
    java.lang.NullPointerException at ConcurrentAxisTest.java:169

ConcurrentAxisTest > testConcurrent() > repetition 17 of 20 FAILED
    java.lang.NullPointerException at ConcurrentAxisTest.java:169

ConcurrentAxisTest > testConcurrent() > repetition 18 of 20 FAILED
    java.lang.NullPointerException at ConcurrentAxisTest.java:169

ConcurrentAxisTest > testConcurrent() > repetition 19 of 20 FAILED
    java.lang.NullPointerException at ConcurrentAxisTest.java:169

ConcurrentAxisTest > testConcurrent() > repetition 20 of 20 FAILED
    java.lang.NullPointerException at ConcurrentAxisTest.java:169

22:49:52.913 [Thread-3] INFO  i.s.c.LinuxMemorySegmentAllocator - Shutting down LinuxMemorySegmentAllocator...
22:49:52.913 [Thread-3] INFO  i.s.c.LinuxMemorySegmentAllocator - LinuxMemorySegmentAllocator shutdown complete.

> Task :sirix-core:test FAILED

20 tests completed, 20 failed

[Incubating] Problems report is available at: file:///home/johannes/IdeaProjects/sirix/build/reports/problems/problems-report.html

FAILURE: Build failed with an exception.

* What went wrong:
Execution failed for task ':sirix-core:test'.
> There were failing tests. See the report at: file:///home/johannes/IdeaProjects/sirix/bundles/sirix-core/build/reports/tests/test/index.html

* Try:
> Run with --scan to generate a Build Scan (Powered by Develocity).

Deprecated Gradle features were used in this build, making it incompatible with Gradle 10.

You can use '--warning-mode all' to show the individual deprecation warnings and determine if they come from your own scripts or plugins.

For more on this, please refer to https://docs.gradle.org/9.1.0/userguide/command_line_interface.html#sec:command_line_warnings in the Gradle documentation.

BUILD FAILED in 5s
6 actionable tasks: 4 executed, 2 up-to-date
