<?xml version="1.0" encoding="UTF-8" ?>
<testsuite failures="0" time="0.945" errors="0" skipped="0" tests="3" name="org.treetank.service.jaxrx.util.RestXPathProcessorTest">
  <properties>
[...]
</properties>
  <testcase time="0.196" classname="org.treetank.service.jaxrx.util.RestXPathProcessorTest" name="testGetXpathResourceStringStringBooleanLongOutputStreamBoolean"/>
  <testcase time="0.144" classname="org.treetank.service.jaxrx.util.RestXPathProcessorTest" name="testGetXpathResourceFileLongStringBooleanLongOutputStreamBoolean"/>
  <testcase time="0.017" classname="org.treetank.service.jaxrx.util.RestXPathProcessorTest" name="testRestXPathProcessor"/>
</testsuite>