<?xml version="1.0" encoding="UTF-8"?>
<!-- Generated by org.testng.reporters.JUnitXMLReporter -->
<testsuite hostname="luna" name="Default test" tests="4" failures="0" timestamp="25 Sep 2012 05:33:52 GMT" time="4.533" errors="0">
  <testcase name="testDeSerialize" time="0.392" classname="org.sirix.access.conf.DatabaseConfigurationTest"/>
  <testcase name="testFirstRef" time="1.603" classname="org.sirix.io.IStorageTest"/>
  <testcase name="testSerializeAndDeserialize" time="0.083" classname="org.sirix.io.bytepipe.IByteHandlerTest"/>
  <testcase name="testByteRepresentation" time="0.088" classname="org.sirix.page.IPageTest"/>
</testsuite> <!-- Default test -->
